This file contains any messages produced by compilers while
running configure, to aid debugging if configure makes a mistake.

It was created by FULL-PACKAGE-NAME configure VERSION, which was
generated by GNU Autoconf 2.68.  Invocation command line was

  $ configure 

## --------- ##
## Platform. ##
## --------- ##

hostname = Daniels-MacBook-Pro.local
uname -m = x86_64
uname -r = 14.5.0
uname -s = Darwin
uname -v = Darwin Kernel Version 14.5.0: Wed Jul 29 02:26:53 PDT 2015; root:xnu-2782.40.9~1/RELEASE_X86_64

/usr/bin/uname -p = i386
/bin/uname -X     = unknown

/bin/arch              = unknown
/usr/bin/arch -k       = unknown
/usr/convex/getsysinfo = unknown
/usr/bin/hostinfo      = Mach kernel version:
	 Darwin Kernel Version 14.5.0: Wed Jul 29 02:26:53 PDT 2015; root:xnu-2782.40.9~1/RELEASE_X86_64
Kernel configured for up to 4 processors.
2 processors are physically available.
4 processors are logically available.
Processor type: i486 (Intel 80486)
Processors active: 0 1 2 3
Primary memory available: 4.00 gigabytes
Default processor set: 214 tasks, 1010 threads, 4 processors
Load average: 1.80, Mach factor: 2.19
/bin/machine           = unknown
/usr/bin/oslevel       = unknown
/bin/universe          = unknown

PATH: /Users/danielmicaletti/Documents/VirtualEnvs/wease/wease_prod/bin
PATH: /Applications/Postgres.app/Contents/MacOS/bin
PATH: /usr/local/heroku/bin
PATH: /Library/PostgreSQL/9.3/bin
PATH: /usr/local/bin
PATH: /Users/danielmicaletti/local/node/bin
PATH: /usr/local/bin
PATH: /usr/bin
PATH: /bin
PATH: /usr/sbin
PATH: /sbin
PATH: /usr/local/git/bin


## ----------- ##
## Core tests. ##
## ----------- ##

configure:2357: checking for gcc
configure:2373: found /usr/bin/gcc
configure:2384: result: gcc
configure:2613: checking for C compiler version
configure:2622: gcc --version >&5


Agreeing to the Xcode/iOS license requires admin privileges, please re-run as root via sudo.


configure:2633: $? = 69
configure:2622: gcc -v >&5


Agreeing to the Xcode/iOS license requires admin privileges, please re-run as root via sudo.


configure:2633: $? = 69
configure:2622: gcc -V >&5


Agreeing to the Xcode/iOS license requires admin privileges, please re-run as root via sudo.


configure:2633: $? = 69
configure:2622: gcc -qversion >&5


Agreeing to the Xcode/iOS license requires admin privileges, please re-run as root via sudo.


configure:2633: $? = 69
configure:2653: checking whether the C compiler works
configure:2675: gcc    conftest.c  >&5


Agreeing to the Xcode/iOS license requires admin privileges, please re-run as root via sudo.


configure:2679: $? = 69
configure:2717: result: no
configure: failed program was:
| /* confdefs.h */
| #define PACKAGE_NAME "FULL-PACKAGE-NAME"
| #define PACKAGE_TARNAME "full-package-name"
| #define PACKAGE_VERSION "VERSION"
| #define PACKAGE_STRING "FULL-PACKAGE-NAME VERSION"
| #define PACKAGE_BUGREPORT "BUG-REPORT-ADDRESS"
| #define PACKAGE_URL ""
| /* end confdefs.h.  */
| 
| int
| main ()
| {
| 
|   ;
|   return 0;
| }
configure:2722: error: in `/Users/danielmicaletti/Documents/VirtualEnvs/wease/wease_prod/build/pycrypto':
configure:2724: error: C compiler cannot create executables
See `config.log' for more details

## ---------------- ##
## Cache variables. ##
## ---------------- ##

ac_cv_env_CC_set=
ac_cv_env_CC_value=
ac_cv_env_CFLAGS_set=
ac_cv_env_CFLAGS_value=
ac_cv_env_CPPFLAGS_set=
ac_cv_env_CPPFLAGS_value=
ac_cv_env_CPP_set=
ac_cv_env_CPP_value=
ac_cv_env_LDFLAGS_set=
ac_cv_env_LDFLAGS_value=
ac_cv_env_LIBS_set=
ac_cv_env_LIBS_value=
ac_cv_env_build_alias_set=
ac_cv_env_build_alias_value=
ac_cv_env_host_alias_set=
ac_cv_env_host_alias_value=
ac_cv_env_target_alias_set=
ac_cv_env_target_alias_value=
ac_cv_prog_ac_ct_CC=gcc

## ----------------- ##
## Output variables. ##
## ----------------- ##

CC='gcc'
CFLAGS=''
CPP=''
CPPFLAGS=''
DEFS=''
ECHO_C='\c'
ECHO_N=''
ECHO_T=''
EGREP=''
EXEEXT=''
GREP=''
LDFLAGS=''
LIBOBJS=''
LIBS=''
LTLIBOBJS=''
OBJEXT=''
PACKAGE_BUGREPORT='BUG-REPORT-ADDRESS'
PACKAGE_NAME='FULL-PACKAGE-NAME'
PACKAGE_STRING='FULL-PACKAGE-NAME VERSION'
PACKAGE_TARNAME='full-package-name'
PACKAGE_URL=''
PACKAGE_VERSION='VERSION'
PATH_SEPARATOR=':'
SHELL='/bin/sh'
ac_ct_CC='gcc'
bindir='${exec_prefix}/bin'
build_alias=''
datadir='${datarootdir}'
datarootdir='${prefix}/share'
docdir='${datarootdir}/doc/${PACKAGE_TARNAME}'
dvidir='${docdir}'
exec_prefix='NONE'
host_alias=''
htmldir='${docdir}'
includedir='${prefix}/include'
infodir='${datarootdir}/info'
libdir='${exec_prefix}/lib'
libexecdir='${exec_prefix}/libexec'
localedir='${datarootdir}/locale'
localstatedir='${prefix}/var'
mandir='${datarootdir}/man'
oldincludedir='/usr/include'
pdfdir='${docdir}'
prefix='NONE'
program_transform_name='s,x,x,'
psdir='${docdir}'
sbindir='${exec_prefix}/sbin'
sharedstatedir='${prefix}/com'
sysconfdir='${prefix}/etc'
target_alias=''

## ----------- ##
## confdefs.h. ##
## ----------- ##

/* confdefs.h */
#define PACKAGE_NAME "FULL-PACKAGE-NAME"
#define PACKAGE_TARNAME "full-package-name"
#define PACKAGE_VERSION "VERSION"
#define PACKAGE_STRING "FULL-PACKAGE-NAME VERSION"
#define PACKAGE_BUGREPORT "BUG-REPORT-ADDRESS"
#define PACKAGE_URL ""

configure: exit 77
